2016-10-21 15:06:58 [DEBUG] 795 total lines in file
2016-10-21 15:06:58 [INFO ] 795 valid lines in file
2016-10-21 15:06:58 [DEBUG] Category 0 has 29 images.
2016-10-21 15:06:58 [DEBUG] Category 1 has 21 images.
2016-10-21 15:06:58 [DEBUG] Category 2 has 28 images.
2016-10-21 15:06:58 [DEBUG] Category 3 has 12 images.
2016-10-21 15:06:58 [DEBUG] Category 4 has 16 images.
2016-10-21 15:06:58 [DEBUG] Category 5 has 31 images.
2016-10-21 15:06:58 [DEBUG] Category 6 has 40 images.
2016-10-21 15:06:58 [DEBUG] Category 7 has 18 images.
2016-10-21 15:06:58 [DEBUG] Category 8 has 21 images.
2016-10-21 15:06:58 [DEBUG] Category 9 has 19 images.
2016-10-21 15:06:58 [DEBUG] Category 10 has 27 images.
2016-10-21 15:06:58 [DEBUG] Category 11 has 27 images.
2016-10-21 15:06:58 [DEBUG] Category 12 has 30 images.
2016-10-21 15:06:58 [DEBUG] Category 13 has 19 images.
2016-10-21 15:06:58 [DEBUG] Category 14 has 30 images.
2016-10-21 15:06:58 [DEBUG] Category 15 has 43 images.
2016-10-21 15:06:58 [DEBUG] Category 16 has 30 images.
2016-10-21 15:06:58 [DEBUG] Category 17 has 27 images.
2016-10-21 15:06:58 [DEBUG] Category 18 has 28 images.
2016-10-21 15:06:58 [DEBUG] Category 19 has 32 images.
2016-10-21 15:06:58 [DEBUG] Category 20 has 16 images.
2016-10-21 15:06:58 [DEBUG] Category 21 has 20 images.
2016-10-21 15:06:58 [DEBUG] Category 22 has 30 images.
2016-10-21 15:06:58 [DEBUG] Category 23 has 27 images.
2016-10-21 15:06:58 [DEBUG] Category 24 has 40 images.
2016-10-21 15:06:58 [DEBUG] Category 25 has 11 images.
2016-10-21 15:06:58 [DEBUG] Category 26 has 25 images.
2016-10-21 15:06:58 [DEBUG] Category 27 has 30 images.
2016-10-21 15:06:58 [DEBUG] Category 28 has 24 images.
2016-10-21 15:06:58 [DEBUG] Category 29 has 23 images.
2016-10-21 15:06:58 [DEBUG] Category 30 has 21 images.
2016-10-21 15:07:01 [DEBUG] Processed 400/795
2016-10-21 15:07:02 [DEBUG] 795 images loaded
2016-10-21 15:07:02 [INFO ] 795 images written to database
2016-10-21 15:07:03 [INFO ] Mean saved at "/home/enoon/libs/DIGITS/digits/jobs/20161021-150642-b588/mean.binaryproto"
2016-10-21 15:07:03 [INFO ] Mean saved at "/home/enoon/libs/DIGITS/digits/jobs/20161021-150642-b588/mean.jpg"
2016-10-21 15:07:03 [INFO ] Database created after 3 seconds.
